WARN: 2016-10-01 00:37:21 +0800: warn
ERROR: 2016-10-01 00:37:21 +0800: error
INFO: 2016-10-01 00:37:21 +0800: [1, 2, 34, 5, 6, 9]
FATAL: 2016-10-01 00:37:21 +0800: fatal
FATAL: 2016-10-01 00:37:21 +0800: ===========================
DEBUG: 2016-10-01 00:38:33 +0800: da18fsdfas
WARN: 2016-10-01 00:38:33 +0800: warn
ERROR: 2016-10-01 00:38:33 +0800: error
INFO: 2016-10-01 00:38:33 +0800: [1, 2, 34, 5, 6, 9]
FATAL: 2016-10-01 00:38:33 +0800: fatal
FATAL: 2016-10-01 00:38:33 +0800: ===========================
>>>>>>>>>>>>>>>>>>>
DEBUG: 2016-10-01 00:40:46 +0800: da18fsdfas
WARN: 2016-10-01 00:40:46 +0800: warn
ERROR: 2016-10-01 00:40:46 +0800: error
INFO: 2016-10-01 00:40:46 +0800: [1, 2, 34, 5, 6, 9]
FATAL: 2016-10-01 00:40:46 +0800: fatal
FATAL: 2016-10-01 00:40:46 +0800: ===========================




>>>>>>>>>>>>>>>>>>>NEW LINE<<<<<<<<<<<<<<<<<
DEBUG: 2016-10-01 00:41:36 +0800: da18fsdfas
WARN: 2016-10-01 00:41:36 +0800: warn
ERROR: 2016-10-01 00:41:36 +0800: error
INFO: 2016-10-01 00:41:36 +0800: [1, 2, 34, 5, 6, 9]
FATAL: 2016-10-01 00:41:36 +0800: fatal
FATAL: 2016-10-01 00:41:36 +0800: ===========================
shell：2016-10-01 00:50:04：./demo.sh
shell：2016-10-01 00:50:36：nihao
shell: 2016-10-01 00:50:55: nihao
